{
    "environment_setup": {
        "create_conda_env": {
            "stdout": "Collecting package metadata (repodata.json): ...working... done\nSolving environment: ...working... done\n\n## Package Plan ##\n\n  environment location: C:\\Users\\smith\\Anaconda3\\envs\\myenv\n\n  added / updated specs:\n    - python=3.8\n\n\nThe following NEW packages will be INSTALLED:\n\n  ca-certificates    pkgs/main/win-64::ca-certificates-2024.11.26-haa95532_0\n  libffi             pkgs/main/win-64::libffi-3.4.4-hd77b12b_1\n  openssl            pkgs/main/win-64::openssl-3.0.15-h827c3e9_0\n  pip                pkgs/main/win-64::pip-24.2-py38haa95532_0\n  python             pkgs/main/win-64::python-3.8.20-h8205438_0\n  setuptools         pkgs/main/win-64::setuptools-75.1.0-py38haa95532_0\n  sqlite             pkgs/main/win-64::sqlite-3.45.3-h2bbff1b_0\n  vc                 pkgs/main/win-64::vc-14.40-h2eaa2aa_1\n  vs2015_runtime     pkgs/main/win-64::vs2015_runtime-14.40.33807-h98bb1dd_1\n  wheel              pkgs/main/win-64::wheel-0.44.0-py38haa95532_0\n\n\nPreparing transaction: ...working... done\nVerifying transaction: ...working... done\nExecuting transaction: ...working... done\n#\n# To activate this environment, use\n#\n#     $ conda activate myenv\n#\n# To deactivate an active environment, use\n#\n#     $ conda deactivate\n\n",
            "stderr": "\n\n==> WARNING: A newer version of conda exists. <==\n  current version: 4.8.2\n  latest version: 24.11.0\n\nPlease update conda by running\n\n    $ conda update -n base -c defaults conda\n\n\n",
            "returncode": 0
        },
        "activate_conda_env": {
            "stdout": "",
            "stderr": "",
            "returncode": 0
        },
        "pip_install": {
            "stdout": "Collecting beautifulsoup4 (from -r filtered_requirements.txt (line 1))\n\n  Using cached beautifulsoup4-4.12.3-py3-none-any.whl.metadata (3.8 kB)\n\nCollecting lxml (from -r filtered_requirements.txt (line 2))\n\n  Using cached lxml-5.3.0-cp38-cp38-win_amd64.whl.metadata (3.9 kB)\n\nCollecting markdown2 (from -r filtered_requirements.txt (line 3))\n\n  Using cached markdown2-2.5.1-py2.py3-none-any.whl.metadata (2.2 kB)\n\nCollecting pytest (from -r filtered_requirements.txt (line 4))\n\n  Using cached pytest-8.3.3-py3-none-any.whl.metadata (7.5 kB)\n\nCollecting pyquery (from -r filtered_requirements.txt (line 5))\n\n  Using cached pyquery-2.0.1-py3-none-any.whl.metadata (9.0 kB)\n\nCollecting soupsieve>1.2 (from beautifulsoup4->-r filtered_requirements.txt (line 1))\n\n  Using cached soupsieve-2.6-py3-none-any.whl.metadata (4.6 kB)\n\nCollecting iniconfig (from pytest->-r filtered_requirements.txt (line 4))\n\n  Using cached iniconfig-2.0.0-py3-none-any.whl.metadata (2.6 kB)\n\nCollecting packaging (from pytest->-r filtered_requirements.txt (line 4))\n\n  Using cached packaging-24.2-py3-none-any.whl.metadata (3.2 kB)\n\nCollecting pluggy<2,>=1.5 (from pytest->-r filtered_requirements.txt (line 4))\n\n  Using cached pluggy-1.5.0-py3-none-any.whl.metadata (4.8 kB)\n\nCollecting exceptiongroup>=1.0.0rc8 (from pytest->-r filtered_requirements.txt (line 4))\n\n  Using cached exceptiongroup-1.2.2-py3-none-any.whl.metadata (6.6 kB)\n\nCollecting tomli>=1 (from pytest->-r filtered_requirements.txt (line 4))\n\n  Using cached tomli-2.2.1-py3-none-any.whl.metadata (10 kB)\n\nCollecting colorama (from pytest->-r filtered_requirements.txt (line 4))\n\n  Using cached colorama-0.4.6-py2.py3-none-any.whl.metadata (17 kB)\n\nCollecting cssselect>=1.2.0 (from pyquery->-r filtered_requirements.txt (line 5))\n\n  Using cached cssselect-1.2.0-py2.py3-none-any.whl.metadata (2.2 kB)\n\nUsing cached beautifulsoup4-4.12.3-py3-none-any.whl (147 kB)\n\nUsing cached lxml-5.3.0-cp38-cp38-win_amd64.whl (3.8 MB)\n\nUsing cached markdown2-2.5.1-py2.py3-none-any.whl (48 kB)\n\nUsing cached pytest-8.3.3-py3-none-any.whl (342 kB)\n\nUsing cached pyquery-2.0.1-py3-none-any.whl (22 kB)\n\nUsing cached cssselect-1.2.0-py2.py3-none-any.whl (18 kB)\n\nUsing cached exceptiongroup-1.2.2-py3-none-any.whl (16 kB)\n\nUsing cached pluggy-1.5.0-py3-none-any.whl (20 kB)\n\nUsing cached soupsieve-2.6-py3-none-any.whl (36 kB)\n\nUsing cached tomli-2.2.1-py3-none-any.whl (14 kB)\n\nUsing cached colorama-0.4.6-py2.py3-none-any.whl (25 kB)\n\nUsing cached iniconfig-2.0.0-py3-none-any.whl (5.9 kB)\n\nUsing cached packaging-24.2-py3-none-any.whl (65 kB)\n\nInstalling collected packages: tomli, soupsieve, pluggy, packaging, markdown2, lxml, iniconfig, exceptiongroup, cssselect, colorama, pytest, pyquery, beautifulsoup4\n\nSuccessfully installed beautifulsoup4-4.12.3 colorama-0.4.6 cssselect-1.2.0 exceptiongroup-1.2.2 iniconfig-2.0.0 lxml-5.3.0 markdown2-2.5.1 packaging-24.2 pluggy-1.5.0 pyquery-2.0.1 pytest-8.3.3 soupsieve-2.6 tomli-2.2.1\n\n\n",
            "stderr": "",
            "returncode": 0
        },
        "example_usage.sh": [
            {
                "command": "python examples/demo.py",
                "result": {
                    "stdout": "",
                    "stderr": "ERROR conda.cli.main_run:execute(32): Subprocess for 'conda run ['python', 'examples/demo.py']' command failed.  (See above for error)\nTraceback (most recent call last):\n\n  File \"examples/demo.py\", line 1, in <module>\n\n    from src.read_time_calculator import ReadTimeCalculator\n\nModuleNotFoundError: No module named 'src'\n\n\n",
                    "returncode": 0
                }
            }
        ]
    },
    "acceptance_tests": {
        "stdout": "",
        "stderr": "ERROR conda.cli.main_run:execute(32): Subprocess for 'conda run ['python', '-m', 'unittest', 'tests/acceptance/test_features.py']' command failed.  (See above for error)\nC:\\Users\\smith\\Anaconda3\\envs\\myenv\\lib\\site-packages\\bs4\\builder\\_lxml.py:124: DeprecationWarning: The 'strip_cdata' option of HTMLParser() has never done anything and will eventually be removed.\n\n  parser = parser(\n\nFFFF.\n\n======================================================================\n\nFAIL: test_html_reading_time (tests.acceptance.test_features.TestReadTimeCalculator)\n\n----------------------------------------------------------------------\n\nTraceback (most recent call last):\n\n  File \"C:\\Users\\smith\\code\\autoSWE\\system\\outputs\\v3\\readtime\\tests\\acceptance\\test_features.py\", line 18, in test_html_reading_time\n\n    self.assertAlmostEqual(float(reading_time), 0.02, places=2)\n\nAssertionError: 0.05 != 0.02 within 2 places (0.030000000000000002 difference)\n\n\n\n======================================================================\n\nFAIL: test_invalid_input (tests.acceptance.test_features.TestReadTimeCalculator)\n\n----------------------------------------------------------------------\n\nTraceback (most recent call last):\n\n  File \"C:\\Users\\smith\\code\\autoSWE\\system\\outputs\\v3\\readtime\\tests\\acceptance\\test_features.py\", line 32, in test_invalid_input\n\n    self.calculator.process_content(\"\", '')\n\nAssertionError: ValueError not raised\n\n\n\n======================================================================\n\nFAIL: test_markdown_reading_time (tests.acceptance.test_features.TestReadTimeCalculator)\n\n----------------------------------------------------------------------\n\nTraceback (most recent call last):\n\n  File \"C:\\Users\\smith\\code\\autoSWE\\system\\outputs\\v3\\readtime\\tests\\acceptance\\test_features.py\", line 24, in test_markdown_reading_time\n\n    self.assertAlmostEqual(float(reading_time), 0.02, places=2)\n\nAssertionError: 0.07 != 0.02 within 2 places (0.05 difference)\n\n\n\n======================================================================\n\nFAIL: test_plain_text_reading_time (tests.acceptance.test_features.TestReadTimeCalculator)\n\n----------------------------------------------------------------------\n\nTraceback (most recent call last):\n\n  File \"C:\\Users\\smith\\code\\autoSWE\\system\\outputs\\v3\\readtime\\tests\\acceptance\\test_features.py\", line 12, in test_plain_text_reading_time\n\n    self.assertAlmostEqual(float(reading_time), 0.02, places=2)\n\nAssertionError: 0.08 != 0.02 within 2 places (0.06 difference)\n\n\n\n----------------------------------------------------------------------\n\nRan 5 tests in 0.009s\n\n\n\nFAILED (failures=4)\n\n\n",
        "returncode": 0
    },
    "unit_tests": {
        "run_tests": {
            "stdout": "",
            "stderr": "ERROR conda.cli.main_run:execute(32): Subprocess for 'conda run ['coverage', 'run', '-m', 'unittest', 'tests/unit/test_module.py']' command failed.  (See above for error)\n..FFF.\n\n======================================================================\n\nFAIL: test_html_reading_time (tests.unit.test_module.TestReadTimeCalculator)\n\n----------------------------------------------------------------------\n\nTraceback (most recent call last):\n\n  File \"C:\\Users\\smith\\code\\autoSWE\\system\\outputs\\v3\\readtime\\tests\\unit\\test_module.py\", line 18, in test_html_reading_time\n\n    self.assertAlmostEqual(self.calculator.process_content(content, 'html'), expected_time)\n\nAssertionError: 0.04 != 0.04150943396226415 within 7 places (0.0015094339622641478 difference)\n\n\n\n======================================================================\n\nFAIL: test_markdown_reading_time (tests.unit.test_module.TestReadTimeCalculator)\n\n----------------------------------------------------------------------\n\nTraceback (most recent call last):\n\n  File \"C:\\Users\\smith\\code\\autoSWE\\system\\outputs\\v3\\readtime\\tests\\unit\\test_module.py\", line 23, in test_markdown_reading_time\n\n    self.assertAlmostEqual(self.calculator.process_content(content, 'markdown'), expected_time)\n\nAssertionError: 0.05 != 0.04905660377358491 within 7 places (0.0009433962264150941 difference)\n\n\n\n======================================================================\n\nFAIL: test_plain_text_reading_time (tests.unit.test_module.TestReadTimeCalculator)\n\n----------------------------------------------------------------------\n\nTraceback (most recent call last):\n\n  File \"C:\\Users\\smith\\code\\autoSWE\\system\\outputs\\v3\\readtime\\tests\\unit\\test_module.py\", line 13, in test_plain_text_reading_time\n\n    self.assertAlmostEqual(self.calculator.process_content(content, 'plain_text'), expected_time)\n\nAssertionError: 0.05 != 0.045283018867924525 within 7 places (0.004716981132075478 difference)\n\n\n\n----------------------------------------------------------------------\n\nRan 6 tests in 0.013s\n\n\n\nFAILED (failures=3)\n\n\n",
            "returncode": 0
        },
        "coverage_report": {
            "stdout": "Name                          Stmts   Miss  Cover\n\n-------------------------------------------------\n\nsrc\\content_parser.py            11      0   100%\n\nsrc\\error_handler.py              6      0   100%\n\nsrc\\read_time_calculator.py      23      2    91%\n\n-------------------------------------------------\n\nTOTAL                            40      2    95%\n\n\n",
            "stderr": "",
            "returncode": 0
        }
    }
}